<?xml version="1.0" encoding="UTF-8"?>
<testng-results skipped="0" failed="0" ignored="0" total="1" passed="1">
  <reporter-output>
  </reporter-output>
  <suite name="Default suite" duration-ms="20886" started-at="2019-12-05T18:01:13 CST" finished-at="2019-12-05T18:01:34 CST">
    <groups>
    </groups>
    <test name="Default test" duration-ms="20886" started-at="2019-12-05T18:01:13 CST" finished-at="2019-12-05T18:01:34 CST">
      <class name="selenium.Selenium">
        <test-method status="PASS" signature="test()[pri:0, instance:selenium.Selenium@6fc6f14e]" name="test" duration-ms="20843" started-at="2019-12-05T18:01:13 CST" finished-at="2019-12-05T18:01:34 CST">
          <reporter-output>
          </reporter-output>
        </test-method> <!-- test -->
      </class> <!-- selenium.Selenium -->
    </test> <!-- Default test -->
  </suite> <!-- Default suite -->
</testng-results>
