<?xml version="1.0" encoding="UTF-8"?>
<testng-results skipped="0" failed="0" ignored="0" total="1" passed="1">
  <reporter-output>
  </reporter-output>
  <suite name="Default suite" duration-ms="20877" started-at="2019-12-05T18:27:19 CST" finished-at="2019-12-05T18:27:40 CST">
    <groups>
    </groups>
    <test name="Default test" duration-ms="20877" started-at="2019-12-05T18:27:19 CST" finished-at="2019-12-05T18:27:40 CST">
      <class name="gitHubTest.firstTest">
        <test-method status="PASS" signature="test()[pri:0, instance:gitHubTest.firstTest@6fc6f14e]" name="test" duration-ms="20830" started-at="2019-12-05T18:27:20 CST" finished-at="2019-12-05T18:27:40 CST">
          <reporter-output>
          </reporter-output>
        </test-method> <!-- test -->
      </class> <!-- gitHubTest.firstTest -->
    </test> <!-- Default test -->
  </suite> <!-- Default suite -->
</testng-results>
